<?xml version="1.0" encoding="UTF-8"?>
<testsuite xmlns:xsi="http://www.w3.org/2001/XMLSchema-instance" xsi:noNamespaceSchemaLocation="https://maven.apache.org/surefire/maven-surefire-plugin/xsd/surefire-test-report-3.0.xsd" version="3.0" name="Ivi.RunTest" time="37.253" tests="3" errors="0" skipped="0" failures="0">
  <properties>
[...]
</properties>
  <testcase name="test1" classname="Ivi.RunTest" time="11.964">
    <system-err><![CDATA[SLF4J: Failed to load class "org.slf4j.impl.StaticLoggerBinder".
SLF4J: Defaulting to no-operation (NOP) logger implementation
SLF4J: See http://www.slf4j.org/codes.html#StaticLoggerBinder for further details.
1634200675729	geckodriver	INFO	Listening on 127.0.0.1:27769
1634200676576	mozrunner::runner	INFO	Running command: "C:\\Program Files\\Mozilla Firefox\\firefox.exe" "--marionette" "-no-remote" "-profile" "C:\\Users\\d9226\\AppData\\Local\\Temp\\rust_mozprofileoZ7N0I"
1634200677228	Marionette	INFO	Marionette enabled
console.warn: SearchSettings: "get: No settings file exists, new profile?" (new NotFoundError("Could not open the file at C:\\Users\\d9226\\AppData\\Local\\Temp\\rust_mozprofileoZ7N0I\\search.json.mozlz4", (void 0)))
1634200680937	Marionette	INFO	Listening on port 52607
1634200681414	RemoteAgent	WARN	TLS certificate errors will be ignored for this session
окт 14, 2021 1:38:01 PM org.openqa.selenium.remote.ProtocolHandshake createSession
INFO: Detected dialect: W3C
1634200685973	Marionette	INFO	Stopped listening on port 52607
JavaScript error: resource:///modules/Interactions.jsm, line 201: NS_ERROR_FAILURE: Component returned failure code: 0x80004005 (NS_ERROR_FAILURE) [nsIUserIdleService.removeIdleObserver]

###!!! [Parent][MessageChannel] Error: (msgtype=0x39007A,name=PContent::Msg_DestroyBrowsingContextGroup) Closed channel: cannot send/recv


###!!! [Child][RunMessage] Error: Channel closing: too late to send/recv, messages will be lost


###!!! [Child][RunMessage] Error: Channel closing: too late to send/recv, messages will be lost


###!!! [Child][RunMessage] Error: Channel closing: too late to send/recv, messages will be lost


###!!! [Child][RunMessage] Error: Channel closing: too late to send/recv, messages will be lost


###!!! [Child][RunMessage] Error: Channel closing: too late to send/recv, messages will be lost


###!!! [Child][RunMessage] Error: Channel closing: too late to send/recv, messages will be lost

]]></system-err>
  </testcase>
  <testcase name="test2" classname="Ivi.RunTest" time="12.286">
    <system-err><![CDATA[1634200687473	geckodriver	INFO	Listening on 127.0.0.1:15772
1634200687990	mozrunner::runner	INFO	Running command: "C:\\Program Files\\Mozilla Firefox\\firefox.exe" "--marionette" "-no-remote" "-profile" "C:\\Users\\d9226\\AppData\\Local\\Temp\\rust_mozprofileJ4MueF"
1634200688669	Marionette	INFO	Marionette enabled
console.warn: SearchSettings: "get: No settings file exists, new profile?" (new NotFoundError("Could not open the file at C:\\Users\\d9226\\AppData\\Local\\Temp\\rust_mozprofileJ4MueF\\search.json.mozlz4", (void 0)))
1634200692134	Marionette	INFO	Listening on port 52674
1634200692236	RemoteAgent	WARN	TLS certificate errors will be ignored for this session
окт 14, 2021 1:38:12 PM org.openqa.selenium.remote.ProtocolHandshake createSession
INFO: Detected dialect: W3C
1634200697837	Marionette	INFO	Stopped listening on port 52674
JavaScript error: resource:///modules/Interactions.jsm, line 201: NS_ERROR_FAILURE: Component returned failure code: 0x80004005 (NS_ERROR_FAILURE) [nsIUserIdleService.removeIdleObserver]

###!!! [Parent][MessageChannel] Error: (msgtype=0x39007A,name=PContent::Msg_DestroyBrowsingContextGroup) Closed channel: cannot send/recv


###!!! [Child][RunMessage] Error: Channel closing: too late to send/recv, messages will be lost


###!!! [Child][RunMessage] Error: Channel closing: too late to send/recv, messages will be lost


###!!! [Child][RunMessage] Error: Channel closing: too late to send/recv, messages will be lost


###!!! [Child][RunMessage] Error: Channel closing: too late to send/recv, messages will be lost

]]></system-err>
  </testcase>
  <testcase name="test3" classname="Ivi.RunTest" time="10.08">
    <system-err><![CDATA[1634200699772	geckodriver	INFO	Listening on 127.0.0.1:43498
1634200700297	mozrunner::runner	INFO	Running command: "C:\\Program Files\\Mozilla Firefox\\firefox.exe" "--marionette" "-no-remote" "-profile" "C:\\Users\\d9226\\AppData\\Local\\Temp\\rust_mozprofilemJd7xa"
1634200700903	Marionette	INFO	Marionette enabled
console.warn: SearchSettings: "get: No settings file exists, new profile?" (new NotFoundError("Could not open the file at C:\\Users\\d9226\\AppData\\Local\\Temp\\rust_mozprofilemJd7xa\\search.json.mozlz4", (void 0)))
1634200704976	Marionette	INFO	Listening on port 52746
1634200705155	RemoteAgent	WARN	TLS certificate errors will be ignored for this session
окт 14, 2021 1:38:25 PM org.openqa.selenium.remote.ProtocolHandshake createSession
INFO: Detected dialect: W3C
1634200708355	Marionette	INFO	Stopped listening on port 52746
JavaScript error: resource:///modules/Interactions.jsm, line 201: NS_ERROR_FAILURE: Component returned failure code: 0x80004005 (NS_ERROR_FAILURE) [nsIUserIdleService.removeIdleObserver]
]]></system-err>
  </testcase>
</testsuite>